[2015-02-24 21:15:18] production.ERROR: exception 'Symfony\Component\HttpKernel\Exception\NotFoundHttpException' in /home/tj/Clear/vendor/laravel/framework/src/Illuminate/Routing/RouteCollection.php:148
Stack trace:
#0 /home/tj/Clear/vendor/laravel/framework/src/Illuminate/Routing/Router.php(1054): Illuminate\Routing\RouteCollection->match(Object(Illuminate\Http\Request))
#1 /home/tj/Clear/vendor/laravel/framework/src/Illuminate/Routing/Router.php(1022): Illuminate\Routing\Router->findRoute(Object(Illuminate\Http\Request))
#2 /home/tj/Clear/vendor/laravel/framework/src/Illuminate/Routing/Router.php(1001): Illuminate\Routing\Router->dispatchToRoute(Object(Illuminate\Http\Request))
#3 /home/tj/Clear/vendor/laravel/framework/src/Illuminate/Foundation/Application.php(775): Illuminate\Routing\Router->dispatch(Object(Illuminate\Http\Request))
#4 /home/tj/Clear/vendor/laravel/framework/src/Illuminate/Foundation/Application.php(745): Illuminate\Foundation\Application->dispatch(Object(Illuminate\Http\Request))
#5 /home/tj/Clear/vendor/laravel/framework/src/Illuminate/Session/Middleware.php(72): Illuminate\Foundation\Application->handle(Object(Illuminate\Http\Request), 1, true)
#6 /home/tj/Clear/vendor/laravel/framework/src/Illuminate/Cookie/Queue.php(47): Illuminate\Session\Middleware->handle(Object(Illuminate\Http\Request), 1, true)
#7 /home/tj/Clear/vendor/laravel/framework/src/Illuminate/Cookie/Guard.php(51): Illuminate\Cookie\Queue->handle(Object(Illuminate\Http\Request), 1, true)
#8 /home/tj/Clear/vendor/stack/builder/src/Stack/StackedHttpKernel.php(23): Illuminate\Cookie\Guard->handle(Object(Illuminate\Http\Request), 1, true)
#9 /home/tj/Clear/vendor/laravel/framework/src/Illuminate/Foundation/Application.php(641): Stack\StackedHttpKernel->handle(Object(Illuminate\Http\Request))
#10 /home/tj/Clear/public/index.php(49): Illuminate\Foundation\Application->run()
#11 /home/tj/Clear/server.php(19): require_once('/home/tj/Clear/...')
#12 {main} [] []
[2015-02-24 21:15:31] production.ERROR: exception 'Symfony\Component\HttpKernel\Exception\NotFoundHttpException' in /home/tj/Clear/vendor/laravel/framework/src/Illuminate/Routing/RouteCollection.php:148
Stack trace:
#0 /home/tj/Clear/vendor/laravel/framework/src/Illuminate/Routing/Router.php(1054): Illuminate\Routing\RouteCollection->match(Object(Illuminate\Http\Request))
#1 /home/tj/Clear/vendor/laravel/framework/src/Illuminate/Routing/Router.php(1022): Illuminate\Routing\Router->findRoute(Object(Illuminate\Http\Request))
#2 /home/tj/Clear/vendor/laravel/framework/src/Illuminate/Routing/Router.php(1001): Illuminate\Routing\Router->dispatchToRoute(Object(Illuminate\Http\Request))
#3 /home/tj/Clear/vendor/laravel/framework/src/Illuminate/Foundation/Application.php(775): Illuminate\Routing\Router->dispatch(Object(Illuminate\Http\Request))
#4 /home/tj/Clear/vendor/laravel/framework/src/Illuminate/Foundation/Application.php(745): Illuminate\Foundation\Application->dispatch(Object(Illuminate\Http\Request))
#5 /home/tj/Clear/vendor/laravel/framework/src/Illuminate/Session/Middleware.php(72): Illuminate\Foundation\Application->handle(Object(Illuminate\Http\Request), 1, true)
#6 /home/tj/Clear/vendor/laravel/framework/src/Illuminate/Cookie/Queue.php(47): Illuminate\Session\Middleware->handle(Object(Illuminate\Http\Request), 1, true)
#7 /home/tj/Clear/vendor/laravel/framework/src/Illuminate/Cookie/Guard.php(51): Illuminate\Cookie\Queue->handle(Object(Illuminate\Http\Request), 1, true)
#8 /home/tj/Clear/vendor/stack/builder/src/Stack/StackedHttpKernel.php(23): Illuminate\Cookie\Guard->handle(Object(Illuminate\Http\Request), 1, true)
#9 /home/tj/Clear/vendor/laravel/framework/src/Illuminate/Foundation/Application.php(641): Stack\StackedHttpKernel->handle(Object(Illuminate\Http\Request))
#10 /home/tj/Clear/public/index.php(49): Illuminate\Foundation\Application->run()
#11 /home/tj/Clear/server.php(19): require_once('/home/tj/Clear/...')
#12 {main} [] []
[2015-02-24 21:16:13] production.ERROR: exception 'Symfony\Component\HttpKernel\Exception\NotFoundHttpException' in /home/tj/Clear/vendor/laravel/framework/src/Illuminate/Routing/RouteCollection.php:148
Stack trace:
#0 /home/tj/Clear/vendor/laravel/framework/src/Illuminate/Routing/Router.php(1054): Illuminate\Routing\RouteCollection->match(Object(Illuminate\Http\Request))
#1 /home/tj/Clear/vendor/laravel/framework/src/Illuminate/Routing/Router.php(1022): Illuminate\Routing\Router->findRoute(Object(Illuminate\Http\Request))
#2 /home/tj/Clear/vendor/laravel/framework/src/Illuminate/Routing/Router.php(1001): Illuminate\Routing\Router->dispatchToRoute(Object(Illuminate\Http\Request))
#3 /home/tj/Clear/vendor/laravel/framework/src/Illuminate/Foundation/Application.php(775): Illuminate\Routing\Router->dispatch(Object(Illuminate\Http\Request))
#4 /home/tj/Clear/vendor/laravel/framework/src/Illuminate/Foundation/Application.php(745): Illuminate\Foundation\Application->dispatch(Object(Illuminate\Http\Request))
#5 /home/tj/Clear/vendor/laravel/framework/src/Illuminate/Session/Middleware.php(72): Illuminate\Foundation\Application->handle(Object(Illuminate\Http\Request), 1, true)
#6 /home/tj/Clear/vendor/laravel/framework/src/Illuminate/Cookie/Queue.php(47): Illuminate\Session\Middleware->handle(Object(Illuminate\Http\Request), 1, true)
#7 /home/tj/Clear/vendor/laravel/framework/src/Illuminate/Cookie/Guard.php(51): Illuminate\Cookie\Queue->handle(Object(Illuminate\Http\Request), 1, true)
#8 /home/tj/Clear/vendor/stack/builder/src/Stack/StackedHttpKernel.php(23): Illuminate\Cookie\Guard->handle(Object(Illuminate\Http\Request), 1, true)
#9 /home/tj/Clear/vendor/laravel/framework/src/Illuminate/Foundation/Application.php(641): Stack\StackedHttpKernel->handle(Object(Illuminate\Http\Request))
#10 /home/tj/Clear/public/index.php(49): Illuminate\Foundation\Application->run()
#11 /home/tj/Clear/server.php(19): require_once('/home/tj/Clear/...')
#12 {main} [] []
[2015-02-24 21:17:11] production.ERROR: exception 'Symfony\Component\HttpKernel\Exception\NotFoundHttpException' in /home/tj/Clear/vendor/laravel/framework/src/Illuminate/Routing/RouteCollection.php:148
Stack trace:
#0 /home/tj/Clear/vendor/laravel/framework/src/Illuminate/Routing/Router.php(1054): Illuminate\Routing\RouteCollection->match(Object(Illuminate\Http\Request))
#1 /home/tj/Clear/vendor/laravel/framework/src/Illuminate/Routing/Router.php(1022): Illuminate\Routing\Router->findRoute(Object(Illuminate\Http\Request))
#2 /home/tj/Clear/vendor/laravel/framework/src/Illuminate/Routing/Router.php(1001): Illuminate\Routing\Router->dispatchToRoute(Object(Illuminate\Http\Request))
#3 /home/tj/Clear/vendor/laravel/framework/src/Illuminate/Foundation/Application.php(775): Illuminate\Routing\Router->dispatch(Object(Illuminate\Http\Request))
#4 /home/tj/Clear/vendor/laravel/framework/src/Illuminate/Foundation/Application.php(745): Illuminate\Foundation\Application->dispatch(Object(Illuminate\Http\Request))
#5 /home/tj/Clear/vendor/laravel/framework/src/Illuminate/Session/Middleware.php(72): Illuminate\Foundation\Application->handle(Object(Illuminate\Http\Request), 1, true)
#6 /home/tj/Clear/vendor/laravel/framework/src/Illuminate/Cookie/Queue.php(47): Illuminate\Session\Middleware->handle(Object(Illuminate\Http\Request), 1, true)
#7 /home/tj/Clear/vendor/laravel/framework/src/Illuminate/Cookie/Guard.php(51): Illuminate\Cookie\Queue->handle(Object(Illuminate\Http\Request), 1, true)
#8 /home/tj/Clear/vendor/stack/builder/src/Stack/StackedHttpKernel.php(23): Illuminate\Cookie\Guard->handle(Object(Illuminate\Http\Request), 1, true)
#9 /home/tj/Clear/vendor/laravel/framework/src/Illuminate/Foundation/Application.php(641): Stack\StackedHttpKernel->handle(Object(Illuminate\Http\Request))
#10 /home/tj/Clear/public/index.php(49): Illuminate\Foundation\Application->run()
#11 /home/tj/Clear/server.php(19): require_once('/home/tj/Clear/...')
#12 {main} [] []
[2015-02-24 21:17:18] production.ERROR: exception 'Symfony\Component\HttpKernel\Exception\NotFoundHttpException' in /home/tj/Clear/vendor/laravel/framework/src/Illuminate/Routing/RouteCollection.php:148
Stack trace:
#0 /home/tj/Clear/vendor/laravel/framework/src/Illuminate/Routing/Router.php(1054): Illuminate\Routing\RouteCollection->match(Object(Illuminate\Http\Request))
#1 /home/tj/Clear/vendor/laravel/framework/src/Illuminate/Routing/Router.php(1022): Illuminate\Routing\Router->findRoute(Object(Illuminate\Http\Request))
#2 /home/tj/Clear/vendor/laravel/framework/src/Illuminate/Routing/Router.php(1001): Illuminate\Routing\Router->dispatchToRoute(Object(Illuminate\Http\Request))
#3 /home/tj/Clear/vendor/laravel/framework/src/Illuminate/Foundation/Application.php(775): Illuminate\Routing\Router->dispatch(Object(Illuminate\Http\Request))
#4 /home/tj/Clear/vendor/laravel/framework/src/Illuminate/Foundation/Application.php(745): Illuminate\Foundation\Application->dispatch(Object(Illuminate\Http\Request))
#5 /home/tj/Clear/vendor/laravel/framework/src/Illuminate/Session/Middleware.php(72): Illuminate\Foundation\Application->handle(Object(Illuminate\Http\Request), 1, true)
#6 /home/tj/Clear/vendor/laravel/framework/src/Illuminate/Cookie/Queue.php(47): Illuminate\Session\Middleware->handle(Object(Illuminate\Http\Request), 1, true)
#7 /home/tj/Clear/vendor/laravel/framework/src/Illuminate/Cookie/Guard.php(51): Illuminate\Cookie\Queue->handle(Object(Illuminate\Http\Request), 1, true)
#8 /home/tj/Clear/vendor/stack/builder/src/Stack/StackedHttpKernel.php(23): Illuminate\Cookie\Guard->handle(Object(Illuminate\Http\Request), 1, true)
#9 /home/tj/Clear/vendor/laravel/framework/src/Illuminate/Foundation/Application.php(641): Stack\StackedHttpKernel->handle(Object(Illuminate\Http\Request))
#10 /home/tj/Clear/public/index.php(49): Illuminate\Foundation\Application->run()
#11 /home/tj/Clear/server.php(19): require_once('/home/tj/Clear/...')
#12 {main} [] []
[2015-02-24 21:18:17] production.ERROR: exception 'ReflectionException' with message 'Class CodeDay\Clear\Controllers\Manage\Event\SubscriptionsController does not exist' in /home/tj/Clear/vendor/laravel/framework/src/Illuminate/Routing/ControllerInspector.php:28
Stack trace:
#0 /home/tj/Clear/vendor/laravel/framework/src/Illuminate/Routing/ControllerInspector.php(28): ReflectionClass->__construct('CodeDay\Clear\C...')
#1 /home/tj/Clear/vendor/laravel/framework/src/Illuminate/Routing/Router.php(269): Illuminate\Routing\ControllerInspector->getRoutable('CodeDay\Clear\C...', '/subscriptions')
#2 /home/tj/Clear/vendor/laravel/framework/src/Illuminate/Support/Facades/Facade.php(211): Illuminate\Routing\Router->controller('/subscriptions', 'SubscriptionsCo...')
#3 /home/tj/Clear/app/routes/901-event.php(12): Illuminate\Support\Facades\Facade::__callStatic('controller', Array)
#4 /home/tj/Clear/app/routes/901-event.php(12): Illuminate\Support\Facades\Route::controller('/subscriptions', 'SubscriptionsCo...')
#5 [internal function]: {closure}(Object(Illuminate\Routing\Router))
#6 /home/tj/Clear/vendor/laravel/framework/src/Illuminate/Routing/Router.php(696): call_user_func(Object(Closure), Object(Illuminate\Routing\Router))
#7 /home/tj/Clear/vendor/laravel/framework/src/Illuminate/Support/Facades/Facade.php(211): Illuminate\Routing\Router->group(Array, Object(Closure))
#8 /home/tj/Clear/app/routes/901-event.php(38): Illuminate\Support\Facades\Facade::__callStatic('group', Array)
#9 /home/tj/Clear/app/routes/901-event.php(38): Illuminate\Support\Facades\Route::group(Array, Object(Closure))
#10 /home/tj/Clear/app/start/global.php(94): include_once('/home/tj/Clear/...')
#11 [internal function]: {closure}(Object(Illuminate\Routing\Router))
#12 /home/tj/Clear/vendor/laravel/framework/src/Illuminate/Routing/Router.php(696): call_user_func(Object(Closure), Object(Illuminate\Routing\Router))
#13 /home/tj/Clear/vendor/laravel/framework/src/Illuminate/Support/Facades/Facade.php(211): Illuminate\Routing\Router->group(Array, Object(Closure))
#14 /home/tj/Clear/app/start/global.php(96): Illuminate\Support\Facades\Facade::__callStatic('group', Array)
#15 /home/tj/Clear/app/start/global.php(96): Illuminate\Support\Facades\Route::group(Array, Object(Closure))
#16 /home/tj/Clear/vendor/laravel/framework/src/Illuminate/Foundation/start.php(239): require('/home/tj/Clear/...')
#17 [internal function]: {closure}(Object(Illuminate\Foundation\Application))
#18 /home/tj/Clear/vendor/laravel/framework/src/Illuminate/Foundation/Application.php(830): call_user_func(Object(Closure), Object(Illuminate\Foundation\Application))
#19 /home/tj/Clear/vendor/laravel/framework/src/Illuminate/Foundation/Application.php(604): Illuminate\Foundation\Application->fireAppCallbacks(Array)
#20 /home/tj/Clear/vendor/laravel/framework/src/Illuminate/Foundation/Application.php(587): Illuminate\Foundation\Application->bootApplication()
#21 /home/tj/Clear/vendor/laravel/framework/src/Illuminate/Console/Application.php(44): Illuminate\Foundation\Application->boot()
#22 /home/tj/Clear/vendor/laravel/framework/src/Illuminate/Console/Application.php(33): Illuminate\Console\Application::make(Object(Illuminate\Foundation\Application))
#23 /home/tj/Clear/artisan(46): Illuminate\Console\Application::start(Object(Illuminate\Foundation\Application))
#24 {main} [] []
[2015-02-24 21:18:49] production.ERROR: exception 'ReflectionException' with message 'Class CodeDay\Clear\Controllers\Manage\Event\SubscriptionsController does not exist' in /home/tj/Clear/vendor/laravel/framework/src/Illuminate/Routing/ControllerInspector.php:28
Stack trace:
#0 /home/tj/Clear/vendor/laravel/framework/src/Illuminate/Routing/ControllerInspector.php(28): ReflectionClass->__construct('CodeDay\Clear\C...')
#1 /home/tj/Clear/vendor/laravel/framework/src/Illuminate/Routing/Router.php(269): Illuminate\Routing\ControllerInspector->getRoutable('CodeDay\Clear\C...', '/subscriptions')
#2 /home/tj/Clear/vendor/laravel/framework/src/Illuminate/Support/Facades/Facade.php(211): Illuminate\Routing\Router->controller('/subscriptions', 'SubscriptionsCo...')
#3 /home/tj/Clear/app/routes/901-event.php(12): Illuminate\Support\Facades\Facade::__callStatic('controller', Array)
#4 /home/tj/Clear/app/routes/901-event.php(12): Illuminate\Support\Facades\Route::controller('/subscriptions', 'SubscriptionsCo...')
#5 [internal function]: {closure}(Object(Illuminate\Routing\Router))
#6 /home/tj/Clear/vendor/laravel/framework/src/Illuminate/Routing/Router.php(696): call_user_func(Object(Closure), Object(Illuminate\Routing\Router))
#7 /home/tj/Clear/vendor/laravel/framework/src/Illuminate/Support/Facades/Facade.php(211): Illuminate\Routing\Router->group(Array, Object(Closure))
#8 /home/tj/Clear/app/routes/901-event.php(38): Illuminate\Support\Facades\Facade::__callStatic('group', Array)
#9 /home/tj/Clear/app/routes/901-event.php(38): Illuminate\Support\Facades\Route::group(Array, Object(Closure))
#10 /home/tj/Clear/app/start/global.php(94): include_once('/home/tj/Clear/...')
#11 [internal function]: {closure}(Object(Illuminate\Routing\Router))
#12 /home/tj/Clear/vendor/laravel/framework/src/Illuminate/Routing/Router.php(696): call_user_func(Object(Closure), Object(Illuminate\Routing\Router))
#13 /home/tj/Clear/vendor/laravel/framework/src/Illuminate/Support/Facades/Facade.php(211): Illuminate\Routing\Router->group(Array, Object(Closure))
#14 /home/tj/Clear/app/start/global.php(96): Illuminate\Support\Facades\Facade::__callStatic('group', Array)
#15 /home/tj/Clear/app/start/global.php(96): Illuminate\Support\Facades\Route::group(Array, Object(Closure))
#16 /home/tj/Clear/vendor/laravel/framework/src/Illuminate/Foundation/start.php(239): require('/home/tj/Clear/...')
#17 [internal function]: {closure}(Object(Illuminate\Foundation\Application))
#18 /home/tj/Clear/vendor/laravel/framework/src/Illuminate/Foundation/Application.php(830): call_user_func(Object(Closure), Object(Illuminate\Foundation\Application))
#19 /home/tj/Clear/vendor/laravel/framework/src/Illuminate/Foundation/Application.php(604): Illuminate\Foundation\Application->fireAppCallbacks(Array)
#20 /home/tj/Clear/vendor/laravel/framework/src/Illuminate/Foundation/Application.php(587): Illuminate\Foundation\Application->bootApplication()
#21 /home/tj/Clear/vendor/laravel/framework/src/Illuminate/Console/Application.php(44): Illuminate\Foundation\Application->boot()
#22 /home/tj/Clear/vendor/laravel/framework/src/Illuminate/Console/Application.php(33): Illuminate\Console\Application::make(Object(Illuminate\Foundation\Application))
#23 /home/tj/Clear/artisan(46): Illuminate\Console\Application::start(Object(Illuminate\Foundation\Application))
#24 {main} [] []
[2015-02-24 21:19:27] production.ERROR: exception 'ReflectionException' with message 'Class CodeDay\Clear\Controllers\Manage\Event\SubscriptionsController does not exist' in /home/tj/Clear/vendor/laravel/framework/src/Illuminate/Routing/ControllerInspector.php:28
Stack trace:
#0 /home/tj/Clear/vendor/laravel/framework/src/Illuminate/Routing/ControllerInspector.php(28): ReflectionClass->__construct('CodeDay\Clear\C...')
#1 /home/tj/Clear/vendor/laravel/framework/src/Illuminate/Routing/Router.php(269): Illuminate\Routing\ControllerInspector->getRoutable('CodeDay\Clear\C...', '/subscriptions')
#2 /home/tj/Clear/vendor/laravel/framework/src/Illuminate/Support/Facades/Facade.php(211): Illuminate\Routing\Router->controller('/subscriptions', 'SubscriptionsCo...')
#3 /home/tj/Clear/app/routes/901-event.php(12): Illuminate\Support\Facades\Facade::__callStatic('controller', Array)
#4 /home/tj/Clear/app/routes/901-event.php(12): Illuminate\Support\Facades\Route::controller('/subscriptions', 'SubscriptionsCo...')
#5 [internal function]: {closure}(Object(Illuminate\Routing\Router))
#6 /home/tj/Clear/vendor/laravel/framework/src/Illuminate/Routing/Router.php(696): call_user_func(Object(Closure), Object(Illuminate\Routing\Router))
#7 /home/tj/Clear/vendor/laravel/framework/src/Illuminate/Support/Facades/Facade.php(211): Illuminate\Routing\Router->group(Array, Object(Closure))
#8 /home/tj/Clear/app/routes/901-event.php(38): Illuminate\Support\Facades\Facade::__callStatic('group', Array)
#9 /home/tj/Clear/app/routes/901-event.php(38): Illuminate\Support\Facades\Route::group(Array, Object(Closure))
#10 /home/tj/Clear/app/start/global.php(94): include_once('/home/tj/Clear/...')
#11 [internal function]: {closure}(Object(Illuminate\Routing\Router))
#12 /home/tj/Clear/vendor/laravel/framework/src/Illuminate/Routing/Router.php(696): call_user_func(Object(Closure), Object(Illuminate\Routing\Router))
#13 /home/tj/Clear/vendor/laravel/framework/src/Illuminate/Support/Facades/Facade.php(211): Illuminate\Routing\Router->group(Array, Object(Closure))
#14 /home/tj/Clear/app/start/global.php(96): Illuminate\Support\Facades\Facade::__callStatic('group', Array)
#15 /home/tj/Clear/app/start/global.php(96): Illuminate\Support\Facades\Route::group(Array, Object(Closure))
#16 /home/tj/Clear/vendor/laravel/framework/src/Illuminate/Foundation/start.php(239): require('/home/tj/Clear/...')
#17 [internal function]: {closure}(Object(Illuminate\Foundation\Application))
#18 /home/tj/Clear/vendor/laravel/framework/src/Illuminate/Foundation/Application.php(830): call_user_func(Object(Closure), Object(Illuminate\Foundation\Application))
#19 /home/tj/Clear/vendor/laravel/framework/src/Illuminate/Foundation/Application.php(604): Illuminate\Foundation\Application->fireAppCallbacks(Array)
#20 /home/tj/Clear/vendor/laravel/framework/src/Illuminate/Foundation/Application.php(587): Illuminate\Foundation\Application->bootApplication()
#21 /home/tj/Clear/vendor/laravel/framework/src/Illuminate/Console/Application.php(44): Illuminate\Foundation\Application->boot()
#22 /home/tj/Clear/vendor/laravel/framework/src/Illuminate/Console/Application.php(33): Illuminate\Console\Application::make(Object(Illuminate\Foundation\Application))
#23 /home/tj/Clear/artisan(46): Illuminate\Console\Application::start(Object(Illuminate\Foundation\Application))
#24 {main} [] []
[2015-02-24 21:19:46] production.ERROR: exception 'ReflectionException' with message 'Class CodeDay\Clear\Controllers\Manage\Event\SubscriptionsController does not exist' in /home/tj/Clear/vendor/laravel/framework/src/Illuminate/Routing/ControllerInspector.php:28
Stack trace:
#0 /home/tj/Clear/vendor/laravel/framework/src/Illuminate/Routing/ControllerInspector.php(28): ReflectionClass->__construct('CodeDay\Clear\C...')
#1 /home/tj/Clear/vendor/laravel/framework/src/Illuminate/Routing/Router.php(269): Illuminate\Routing\ControllerInspector->getRoutable('CodeDay\Clear\C...', '/subscriptions')
#2 /home/tj/Clear/vendor/laravel/framework/src/Illuminate/Support/Facades/Facade.php(211): Illuminate\Routing\Router->controller('/subscriptions', 'SubscriptionsCo...')
#3 /home/tj/Clear/app/routes/901-event.php(12): Illuminate\Support\Facades\Facade::__callStatic('controller', Array)
#4 /home/tj/Clear/app/routes/901-event.php(12): Illuminate\Support\Facades\Route::controller('/subscriptions', 'SubscriptionsCo...')
#5 [internal function]: {closure}(Object(Illuminate\Routing\Router))
#6 /home/tj/Clear/vendor/laravel/framework/src/Illuminate/Routing/Router.php(696): call_user_func(Object(Closure), Object(Illuminate\Routing\Router))
#7 /home/tj/Clear/vendor/laravel/framework/src/Illuminate/Support/Facades/Facade.php(211): Illuminate\Routing\Router->group(Array, Object(Closure))
#8 /home/tj/Clear/app/routes/901-event.php(38): Illuminate\Support\Facades\Facade::__callStatic('group', Array)
#9 /home/tj/Clear/app/routes/901-event.php(38): Illuminate\Support\Facades\Route::group(Array, Object(Closure))
#10 /home/tj/Clear/app/start/global.php(94): include_once('/home/tj/Clear/...')
#11 [internal function]: {closure}(Object(Illuminate\Routing\Router))
#12 /home/tj/Clear/vendor/laravel/framework/src/Illuminate/Routing/Router.php(696): call_user_func(Object(Closure), Object(Illuminate\Routing\Router))
#13 /home/tj/Clear/vendor/laravel/framework/src/Illuminate/Support/Facades/Facade.php(211): Illuminate\Routing\Router->group(Array, Object(Closure))
#14 /home/tj/Clear/app/start/global.php(96): Illuminate\Support\Facades\Facade::__callStatic('group', Array)
#15 /home/tj/Clear/app/start/global.php(96): Illuminate\Support\Facades\Route::group(Array, Object(Closure))
#16 /home/tj/Clear/vendor/laravel/framework/src/Illuminate/Foundation/start.php(239): require('/home/tj/Clear/...')
#17 [internal function]: {closure}(Object(Illuminate\Foundation\Application))
#18 /home/tj/Clear/vendor/laravel/framework/src/Illuminate/Foundation/Application.php(830): call_user_func(Object(Closure), Object(Illuminate\Foundation\Application))
#19 /home/tj/Clear/vendor/laravel/framework/src/Illuminate/Foundation/Application.php(604): Illuminate\Foundation\Application->fireAppCallbacks(Array)
#20 /home/tj/Clear/vendor/laravel/framework/src/Illuminate/Foundation/Application.php(587): Illuminate\Foundation\Application->bootApplication()
#21 /home/tj/Clear/vendor/laravel/framework/src/Illuminate/Console/Application.php(44): Illuminate\Foundation\Application->boot()
#22 /home/tj/Clear/vendor/laravel/framework/src/Illuminate/Console/Application.php(33): Illuminate\Console\Application::make(Object(Illuminate\Foundation\Application))
#23 /home/tj/Clear/artisan(46): Illuminate\Console\Application::start(Object(Illuminate\Foundation\Application))
#24 {main} [] []
[2015-02-24 21:19:54] production.ERROR: exception 'ErrorException' with message 'file_put_contents(/home/tj/Clear/app/controllers/Manage/Event/SubscriptionsController.php): failed to open stream: No such file or directory' in /home/tj/Clear/vendor/laravel/framework/src/Illuminate/Filesystem/Filesystem.php:70
Stack trace:
#0 [internal function]: Illuminate\Exception\Handler->handleError(2, 'file_put_conten...', '/home/tj/Clear/...', 70, Array)
#1 /home/tj/Clear/vendor/laravel/framework/src/Illuminate/Filesystem/Filesystem.php(70): file_put_contents('/home/tj/Clear/...', '<?php??class Ma...', 0)
#2 /home/tj/Clear/vendor/laravel/framework/src/Illuminate/Routing/Generators/ControllerGenerator.php(76): Illuminate\Filesystem\Filesystem->put('/home/tj/Clear/...', '<?php??class Ma...')
#3 /home/tj/Clear/vendor/laravel/framework/src/Illuminate/Routing/Generators/ControllerGenerator.php(52): Illuminate\Routing\Generators\ControllerGenerator->writeFile('<?php??class Ma...', 'Manage/Event/Su...', '/home/tj/Clear/...')
#4 /home/tj/Clear/vendor/laravel/framework/src/Illuminate/Routing/Console/MakeControllerCommand.php(82): Illuminate\Routing\Generators\ControllerGenerator->make('Manage/Event/Su...', '/home/tj/Clear/...', Array)
#5 /home/tj/Clear/vendor/laravel/framework/src/Illuminate/Routing/Console/MakeControllerCommand.php(60): Illuminate\Routing\Console\MakeControllerCommand->generateController()
#6 /home/tj/Clear/vendor/laravel/framework/src/Illuminate/Console/Command.php(112): Illuminate\Routing\Console\MakeControllerCommand->fire()
#7 /home/tj/Clear/vendor/symfony/console/Symfony/Component/Console/Command/Command.php(253): Illuminate\Console\Command->execute(Object(Symfony\Component\Console\Input\ArgvInput), Object(Symfony\Component\Console\Output\ConsoleOutput))
#8 /home/tj/Clear/vendor/laravel/framework/src/Illuminate/Console/Command.php(100): Symfony\Component\Console\Command\Command->run(Object(Symfony\Component\Console\Input\ArgvInput), Object(Symfony\Component\Console\Output\ConsoleOutput))
#9 /home/tj/Clear/vendor/symfony/console/Symfony/Component/Console/Application.php(889): Illuminate\Console\Command->run(Object(Symfony\Component\Console\Input\ArgvInput), Object(Symfony\Component\Console\Output\ConsoleOutput))
#10 /home/tj/Clear/vendor/symfony/console/Symfony/Component/Console/Application.php(193): Symfony\Component\Console\Application->doRunCommand(Object(Illuminate\Routing\Console\MakeControllerCommand), Object(Symfony\Component\Console\Input\ArgvInput), Object(Symfony\Component\Console\Output\ConsoleOutput))
#11 /home/tj/Clear/vendor/symfony/console/Symfony/Component/Console/Application.php(124): Symfony\Component\Console\Application->doRun(Object(Symfony\Component\Console\Input\ArgvInput), Object(Symfony\Component\Console\Output\ConsoleOutput))
#12 /home/tj/Clear/artisan(59): Symfony\Component\Console\Application->run()
#13 {main} [] []
[2015-02-24 21:20:30] production.ERROR: exception 'ErrorException' with message 'file_put_contents(/home/tj/Clear/app/controllers/Manage/Event/SubscriptionsController.php): failed to open stream: No such file or directory' in /home/tj/Clear/vendor/laravel/framework/src/Illuminate/Filesystem/Filesystem.php:70
Stack trace:
#0 [internal function]: Illuminate\Exception\Handler->handleError(2, 'file_put_conten...', '/home/tj/Clear/...', 70, Array)
#1 /home/tj/Clear/vendor/laravel/framework/src/Illuminate/Filesystem/Filesystem.php(70): file_put_contents('/home/tj/Clear/...', '<?php??class Ma...', 0)
#2 /home/tj/Clear/vendor/laravel/framework/src/Illuminate/Routing/Generators/ControllerGenerator.php(76): Illuminate\Filesystem\Filesystem->put('/home/tj/Clear/...', '<?php??class Ma...')
#3 /home/tj/Clear/vendor/laravel/framework/src/Illuminate/Routing/Generators/ControllerGenerator.php(52): Illuminate\Routing\Generators\ControllerGenerator->writeFile('<?php??class Ma...', 'Manage/Event/Su...', '/home/tj/Clear/...')
#4 /home/tj/Clear/vendor/laravel/framework/src/Illuminate/Routing/Console/MakeControllerCommand.php(82): Illuminate\Routing\Generators\ControllerGenerator->make('Manage/Event/Su...', '/home/tj/Clear/...', Array)
#5 /home/tj/Clear/vendor/laravel/framework/src/Illuminate/Routing/Console/MakeControllerCommand.php(60): Illuminate\Routing\Console\MakeControllerCommand->generateController()
#6 /home/tj/Clear/vendor/laravel/framework/src/Illuminate/Console/Command.php(112): Illuminate\Routing\Console\MakeControllerCommand->fire()
#7 /home/tj/Clear/vendor/symfony/console/Symfony/Component/Console/Command/Command.php(253): Illuminate\Console\Command->execute(Object(Symfony\Component\Console\Input\ArgvInput), Object(Symfony\Component\Console\Output\ConsoleOutput))
#8 /home/tj/Clear/vendor/laravel/framework/src/Illuminate/Console/Command.php(100): Symfony\Component\Console\Command\Command->run(Object(Symfony\Component\Console\Input\ArgvInput), Object(Symfony\Component\Console\Output\ConsoleOutput))
#9 /home/tj/Clear/vendor/symfony/console/Symfony/Component/Console/Application.php(889): Illuminate\Console\Command->run(Object(Symfony\Component\Console\Input\ArgvInput), Object(Symfony\Component\Console\Output\ConsoleOutput))
#10 /home/tj/Clear/vendor/symfony/console/Symfony/Component/Console/Application.php(193): Symfony\Component\Console\Application->doRunCommand(Object(Illuminate\Routing\Console\MakeControllerCommand), Object(Symfony\Component\Console\Input\ArgvInput), Object(Symfony\Component\Console\Output\ConsoleOutput))
#11 /home/tj/Clear/vendor/symfony/console/Symfony/Component/Console/Application.php(124): Symfony\Component\Console\Application->doRun(Object(Symfony\Component\Console\Input\ArgvInput), Object(Symfony\Component\Console\Output\ConsoleOutput))
#12 /home/tj/Clear/artisan(59): Symfony\Component\Console\Application->run()
#13 {main} [] []
[2015-02-24 21:21:40] production.ERROR: exception 'ErrorException' with message 'include(/home/tj/Clear/app/Controllers/Email/IndexController.php): failed to open stream: No such file or directory' in /home/tj/Clear/vendor/composer/ClassLoader.php:412
Stack trace:
#0 /home/tj/Clear/vendor/composer/ClassLoader.php(412): Illuminate\Exception\Handler->handleError(2, 'include(/home/t...', '/home/tj/Clear/...', 412, Array)
#1 /home/tj/Clear/vendor/composer/ClassLoader.php(412): Composer\Autoload\includeFile()
#2 /home/tj/Clear/vendor/composer/ClassLoader.php(301): Composer\Autoload\includeFile('/home/tj/Clear/...')
#3 [internal function]: Composer\Autoload\ClassLoader->loadClass('CodeDay\Clear\C...')
#4 [internal function]: spl_autoload_call('CodeDay\Clear\C...')
#5 /home/tj/Clear/vendor/laravel/framework/src/Illuminate/Routing/ControllerInspector.php(28): ReflectionClass->__construct('CodeDay\Clear\C...')
#6 /home/tj/Clear/vendor/laravel/framework/src/Illuminate/Routing/Router.php(269): Illuminate\Routing\ControllerInspector->getRoutable('CodeDay\Clear\C...', '')
#7 /home/tj/Clear/vendor/laravel/framework/src/Illuminate/Support/Facades/Facade.php(211): Illuminate\Routing\Router->controller('', 'IndexController')
#8 /home/tj/Clear/app/routes/100-email.php(4): Illuminate\Support\Facades\Facade::__callStatic('controller', Array)
#9 /home/tj/Clear/app/routes/100-email.php(4): Illuminate\Support\Facades\Route::controller('', 'IndexController')
#10 [internal function]: {closure}(Object(Illuminate\Routing\Router))
#11 /home/tj/Clear/vendor/laravel/framework/src/Illuminate/Routing/Router.php(696): call_user_func(Object(Closure), Object(Illuminate\Routing\Router))
#12 /home/tj/Clear/vendor/laravel/framework/src/Illuminate/Support/Facades/Facade.php(211): Illuminate\Routing\Router->group(Array, Object(Closure))
#13 /home/tj/Clear/app/routes/100-email.php(5): Illuminate\Support\Facades\Facade::__callStatic('group', Array)
#14 /home/tj/Clear/app/routes/100-email.php(5): Illuminate\Support\Facades\Route::group(Array, Object(Closure))
#15 /home/tj/Clear/app/start/global.php(94): include_once('/home/tj/Clear/...')
#16 [internal function]: {closure}(Object(Illuminate\Routing\Router))
#17 /home/tj/Clear/vendor/laravel/framework/src/Illuminate/Routing/Router.php(696): call_user_func(Object(Closure), Object(Illuminate\Routing\Router))
#18 /home/tj/Clear/vendor/laravel/framework/src/Illuminate/Support/Facades/Facade.php(211): Illuminate\Routing\Router->group(Array, Object(Closure))
#19 /home/tj/Clear/app/start/global.php(96): Illuminate\Support\Facades\Facade::__callStatic('group', Array)
#20 /home/tj/Clear/app/start/global.php(96): Illuminate\Support\Facades\Route::group(Array, Object(Closure))
#21 /home/tj/Clear/vendor/laravel/framework/src/Illuminate/Foundation/start.php(239): require('/home/tj/Clear/...')
#22 [internal function]: {closure}(Object(Illuminate\Foundation\Application))
#23 /home/tj/Clear/vendor/laravel/framework/src/Illuminate/Foundation/Application.php(830): call_user_func(Object(Closure), Object(Illuminate\Foundation\Application))
#24 /home/tj/Clear/vendor/laravel/framework/src/Illuminate/Foundation/Application.php(604): Illuminate\Foundation\Application->fireAppCallbacks(Array)
#25 /home/tj/Clear/vendor/laravel/framework/src/Illuminate/Foundation/Application.php(587): Illuminate\Foundation\Application->bootApplication()
#26 /home/tj/Clear/vendor/laravel/framework/src/Illuminate/Console/Application.php(44): Illuminate\Foundation\Application->boot()
#27 /home/tj/Clear/vendor/laravel/framework/src/Illuminate/Console/Application.php(33): Illuminate\Console\Application::make(Object(Illuminate\Foundation\Application))
#28 /home/tj/Clear/artisan(46): Illuminate\Console\Application::start(Object(Illuminate\Foundation\Application))
#29 {main} [] []
[2015-02-24 21:21:55] production.ERROR: exception 'ErrorException' with message 'file_put_contents(/home/tj/Clear/app/controllers/Manage/Event/SubscriptionsController.php): failed to open stream: No such file or directory' in /home/tj/Clear/vendor/laravel/framework/src/Illuminate/Filesystem/Filesystem.php:70
Stack trace:
#0 [internal function]: Illuminate\Exception\Handler->handleError(2, 'file_put_conten...', '/home/tj/Clear/...', 70, Array)
#1 /home/tj/Clear/vendor/laravel/framework/src/Illuminate/Filesystem/Filesystem.php(70): file_put_contents('/home/tj/Clear/...', '<?php??class Ma...', 0)
#2 /home/tj/Clear/vendor/laravel/framework/src/Illuminate/Routing/Generators/ControllerGenerator.php(76): Illuminate\Filesystem\Filesystem->put('/home/tj/Clear/...', '<?php??class Ma...')
#3 /home/tj/Clear/vendor/laravel/framework/src/Illuminate/Routing/Generators/ControllerGenerator.php(52): Illuminate\Routing\Generators\ControllerGenerator->writeFile('<?php??class Ma...', 'Manage/Event/Su...', '/home/tj/Clear/...')
#4 /home/tj/Clear/vendor/laravel/framework/src/Illuminate/Routing/Console/MakeControllerCommand.php(82): Illuminate\Routing\Generators\ControllerGenerator->make('Manage/Event/Su...', '/home/tj/Clear/...', Array)
#5 /home/tj/Clear/vendor/laravel/framework/src/Illuminate/Routing/Console/MakeControllerCommand.php(60): Illuminate\Routing\Console\MakeControllerCommand->generateController()
#6 /home/tj/Clear/vendor/laravel/framework/src/Illuminate/Console/Command.php(112): Illuminate\Routing\Console\MakeControllerCommand->fire()
#7 /home/tj/Clear/vendor/symfony/console/Symfony/Component/Console/Command/Command.php(253): Illuminate\Console\Command->execute(Object(Symfony\Component\Console\Input\ArgvInput), Object(Symfony\Component\Console\Output\ConsoleOutput))
#8 /home/tj/Clear/vendor/laravel/framework/src/Illuminate/Console/Command.php(100): Symfony\Component\Console\Command\Command->run(Object(Symfony\Component\Console\Input\ArgvInput), Object(Symfony\Component\Console\Output\ConsoleOutput))
#9 /home/tj/Clear/vendor/symfony/console/Symfony/Component/Console/Application.php(889): Illuminate\Console\Command->run(Object(Symfony\Component\Console\Input\ArgvInput), Object(Symfony\Component\Console\Output\ConsoleOutput))
#10 /home/tj/Clear/vendor/symfony/console/Symfony/Component/Console/Application.php(193): Symfony\Component\Console\Application->doRunCommand(Object(Illuminate\Routing\Console\MakeControllerCommand), Object(Symfony\Component\Console\Input\ArgvInput), Object(Symfony\Component\Console\Output\ConsoleOutput))
#11 /home/tj/Clear/vendor/symfony/console/Symfony/Component/Console/Application.php(124): Symfony\Component\Console\Application->doRun(Object(Symfony\Component\Console\Input\ArgvInput), Object(Symfony\Component\Console\Output\ConsoleOutput))
#12 /home/tj/Clear/artisan(59): Symfony\Component\Console\Application->run()
#13 {main} [] []
[2015-02-24 21:23:39] production.ERROR: exception 'Symfony\Component\HttpKernel\Exception\NotFoundHttpException' in /home/tj/Clear/vendor/laravel/framework/src/Illuminate/Routing/RouteCollection.php:148
Stack trace:
#0 /home/tj/Clear/vendor/laravel/framework/src/Illuminate/Routing/Router.php(1054): Illuminate\Routing\RouteCollection->match(Object(Illuminate\Http\Request))
#1 /home/tj/Clear/vendor/laravel/framework/src/Illuminate/Routing/Router.php(1022): Illuminate\Routing\Router->findRoute(Object(Illuminate\Http\Request))
#2 /home/tj/Clear/vendor/laravel/framework/src/Illuminate/Routing/Router.php(1001): Illuminate\Routing\Router->dispatchToRoute(Object(Illuminate\Http\Request))
#3 /home/tj/Clear/vendor/laravel/framework/src/Illuminate/Foundation/Application.php(775): Illuminate\Routing\Router->dispatch(Object(Illuminate\Http\Request))
#4 /home/tj/Clear/vendor/laravel/framework/src/Illuminate/Foundation/Application.php(745): Illuminate\Foundation\Application->dispatch(Object(Illuminate\Http\Request))
#5 /home/tj/Clear/vendor/laravel/framework/src/Illuminate/Session/Middleware.php(72): Illuminate\Foundation\Application->handle(Object(Illuminate\Http\Request), 1, true)
#6 /home/tj/Clear/vendor/laravel/framework/src/Illuminate/Cookie/Queue.php(47): Illuminate\Session\Middleware->handle(Object(Illuminate\Http\Request), 1, true)
#7 /home/tj/Clear/vendor/laravel/framework/src/Illuminate/Cookie/Guard.php(51): Illuminate\Cookie\Queue->handle(Object(Illuminate\Http\Request), 1, true)
#8 /home/tj/Clear/vendor/stack/builder/src/Stack/StackedHttpKernel.php(23): Illuminate\Cookie\Guard->handle(Object(Illuminate\Http\Request), 1, true)
#9 /home/tj/Clear/vendor/laravel/framework/src/Illuminate/Foundation/Application.php(641): Stack\StackedHttpKernel->handle(Object(Illuminate\Http\Request))
#10 /home/tj/Clear/public/index.php(49): Illuminate\Foundation\Application->run()
#11 /home/tj/Clear/server.php(19): require_once('/home/tj/Clear/...')
#12 {main} [] []
[2015-02-24 21:23:51] production.ERROR: exception 'Symfony\Component\HttpKernel\Exception\NotFoundHttpException' in /home/tj/Clear/vendor/laravel/framework/src/Illuminate/Routing/RouteCollection.php:148
Stack trace:
#0 /home/tj/Clear/vendor/laravel/framework/src/Illuminate/Routing/Router.php(1054): Illuminate\Routing\RouteCollection->match(Object(Illuminate\Http\Request))
#1 /home/tj/Clear/vendor/laravel/framework/src/Illuminate/Routing/Router.php(1022): Illuminate\Routing\Router->findRoute(Object(Illuminate\Http\Request))
#2 /home/tj/Clear/vendor/laravel/framework/src/Illuminate/Routing/Router.php(1001): Illuminate\Routing\Router->dispatchToRoute(Object(Illuminate\Http\Request))
#3 /home/tj/Clear/vendor/laravel/framework/src/Illuminate/Foundation/Application.php(775): Illuminate\Routing\Router->dispatch(Object(Illuminate\Http\Request))
#4 /home/tj/Clear/vendor/laravel/framework/src/Illuminate/Foundation/Application.php(745): Illuminate\Foundation\Application->dispatch(Object(Illuminate\Http\Request))
#5 /home/tj/Clear/vendor/laravel/framework/src/Illuminate/Session/Middleware.php(72): Illuminate\Foundation\Application->handle(Object(Illuminate\Http\Request), 1, true)
#6 /home/tj/Clear/vendor/laravel/framework/src/Illuminate/Cookie/Queue.php(47): Illuminate\Session\Middleware->handle(Object(Illuminate\Http\Request), 1, true)
#7 /home/tj/Clear/vendor/laravel/framework/src/Illuminate/Cookie/Guard.php(51): Illuminate\Cookie\Queue->handle(Object(Illuminate\Http\Request), 1, true)
#8 /home/tj/Clear/vendor/stack/builder/src/Stack/StackedHttpKernel.php(23): Illuminate\Cookie\Guard->handle(Object(Illuminate\Http\Request), 1, true)
#9 /home/tj/Clear/vendor/laravel/framework/src/Illuminate/Foundation/Application.php(641): Stack\StackedHttpKernel->handle(Object(Illuminate\Http\Request))
#10 /home/tj/Clear/public/index.php(49): Illuminate\Foundation\Application->run()
#11 /home/tj/Clear/server.php(19): require_once('/home/tj/Clear/...')
#12 {main} [] []
[2015-02-24 21:23:55] production.ERROR: exception 'Symfony\Component\HttpKernel\Exception\NotFoundHttpException' in /home/tj/Clear/vendor/laravel/framework/src/Illuminate/Routing/RouteCollection.php:148
Stack trace:
#0 /home/tj/Clear/vendor/laravel/framework/src/Illuminate/Routing/Router.php(1054): Illuminate\Routing\RouteCollection->match(Object(Illuminate\Http\Request))
#1 /home/tj/Clear/vendor/laravel/framework/src/Illuminate/Routing/Router.php(1022): Illuminate\Routing\Router->findRoute(Object(Illuminate\Http\Request))
#2 /home/tj/Clear/vendor/laravel/framework/src/Illuminate/Routing/Router.php(1001): Illuminate\Routing\Router->dispatchToRoute(Object(Illuminate\Http\Request))
#3 /home/tj/Clear/vendor/laravel/framework/src/Illuminate/Foundation/Application.php(775): Illuminate\Routing\Router->dispatch(Object(Illuminate\Http\Request))
#4 /home/tj/Clear/vendor/laravel/framework/src/Illuminate/Foundation/Application.php(745): Illuminate\Foundation\Application->dispatch(Object(Illuminate\Http\Request))
#5 /home/tj/Clear/vendor/laravel/framework/src/Illuminate/Session/Middleware.php(72): Illuminate\Foundation\Application->handle(Object(Illuminate\Http\Request), 1, true)
#6 /home/tj/Clear/vendor/laravel/framework/src/Illuminate/Cookie/Queue.php(47): Illuminate\Session\Middleware->handle(Object(Illuminate\Http\Request), 1, true)
#7 /home/tj/Clear/vendor/laravel/framework/src/Illuminate/Cookie/Guard.php(51): Illuminate\Cookie\Queue->handle(Object(Illuminate\Http\Request), 1, true)
#8 /home/tj/Clear/vendor/stack/builder/src/Stack/StackedHttpKernel.php(23): Illuminate\Cookie\Guard->handle(Object(Illuminate\Http\Request), 1, true)
#9 /home/tj/Clear/vendor/laravel/framework/src/Illuminate/Foundation/Application.php(641): Stack\StackedHttpKernel->handle(Object(Illuminate\Http\Request))
#10 /home/tj/Clear/public/index.php(49): Illuminate\Foundation\Application->run()
#11 /home/tj/Clear/server.php(19): require_once('/home/tj/Clear/...')
#12 {main} [] []
[2015-02-24 21:24:02] production.ERROR: exception 'ReflectionException' with message 'Class CodeDay\Clear\Controllers\Manage\Event\SubscriptionsController does not exist' in /home/tj/Clear/vendor/laravel/framework/src/Illuminate/Routing/ControllerInspector.php:28
Stack trace:
#0 /home/tj/Clear/vendor/laravel/framework/src/Illuminate/Routing/ControllerInspector.php(28): ReflectionClass->__construct('CodeDay\Clear\C...')
#1 /home/tj/Clear/vendor/laravel/framework/src/Illuminate/Routing/Router.php(269): Illuminate\Routing\ControllerInspector->getRoutable('CodeDay\Clear\C...', '/subscriptions')
#2 /home/tj/Clear/vendor/laravel/framework/src/Illuminate/Support/Facades/Facade.php(211): Illuminate\Routing\Router->controller('/subscriptions', 'SubscriptionsCo...')
#3 /home/tj/Clear/app/routes/901-event.php(12): Illuminate\Support\Facades\Facade::__callStatic('controller', Array)
#4 /home/tj/Clear/app/routes/901-event.php(12): Illuminate\Support\Facades\Route::controller('/subscriptions', 'SubscriptionsCo...')
#5 [internal function]: {closure}(Object(Illuminate\Routing\Router))
#6 /home/tj/Clear/vendor/laravel/framework/src/Illuminate/Routing/Router.php(696): call_user_func(Object(Closure), Object(Illuminate\Routing\Router))
#7 /home/tj/Clear/vendor/laravel/framework/src/Illuminate/Support/Facades/Facade.php(211): Illuminate\Routing\Router->group(Array, Object(Closure))
#8 /home/tj/Clear/app/routes/901-event.php(38): Illuminate\Support\Facades\Facade::__callStatic('group', Array)
#9 /home/tj/Clear/app/routes/901-event.php(38): Illuminate\Support\Facades\Route::group(Array, Object(Closure))
#10 /home/tj/Clear/app/start/global.php(94): include_once('/home/tj/Clear/...')
#11 [internal function]: {closure}(Object(Illuminate\Routing\Router))
#12 /home/tj/Clear/vendor/laravel/framework/src/Illuminate/Routing/Router.php(696): call_user_func(Object(Closure), Object(Illuminate\Routing\Router))
#13 /home/tj/Clear/vendor/laravel/framework/src/Illuminate/Support/Facades/Facade.php(211): Illuminate\Routing\Router->group(Array, Object(Closure))
#14 /home/tj/Clear/app/start/global.php(96): Illuminate\Support\Facades\Facade::__callStatic('group', Array)
#15 /home/tj/Clear/app/start/global.php(96): Illuminate\Support\Facades\Route::group(Array, Object(Closure))
#16 /home/tj/Clear/vendor/laravel/framework/src/Illuminate/Foundation/start.php(239): require('/home/tj/Clear/...')
#17 [internal function]: {closure}(Object(Illuminate\Foundation\Application))
#18 /home/tj/Clear/vendor/laravel/framework/src/Illuminate/Foundation/Application.php(830): call_user_func(Object(Closure), Object(Illuminate\Foundation\Application))
#19 /home/tj/Clear/vendor/laravel/framework/src/Illuminate/Foundation/Application.php(604): Illuminate\Foundation\Application->fireAppCallbacks(Array)
#20 /home/tj/Clear/vendor/laravel/framework/src/Illuminate/Foundation/Application.php(587): Illuminate\Foundation\Application->bootApplication()
#21 /home/tj/Clear/vendor/laravel/framework/src/Illuminate/Foundation/Application.php(743): Illuminate\Foundation\Application->boot()
#22 /home/tj/Clear/vendor/laravel/framework/src/Illuminate/Session/Middleware.php(72): Illuminate\Foundation\Application->handle(Object(Illuminate\Http\Request), 1, true)
#23 /home/tj/Clear/vendor/laravel/framework/src/Illuminate/Cookie/Queue.php(47): Illuminate\Session\Middleware->handle(Object(Illuminate\Http\Request), 1, true)
#24 /home/tj/Clear/vendor/laravel/framework/src/Illuminate/Cookie/Guard.php(51): Illuminate\Cookie\Queue->handle(Object(Illuminate\Http\Request), 1, true)
#25 /home/tj/Clear/vendor/stack/builder/src/Stack/StackedHttpKernel.php(23): Illuminate\Cookie\Guard->handle(Object(Illuminate\Http\Request), 1, true)
#26 /home/tj/Clear/vendor/laravel/framework/src/Illuminate/Foundation/Application.php(641): Stack\StackedHttpKernel->handle(Object(Illuminate\Http\Request))
#27 /home/tj/Clear/public/index.php(49): Illuminate\Foundation\Application->run()
#28 /home/tj/Clear/server.php(19): require_once('/home/tj/Clear/...')
#29 {main} [] []
[2015-02-24 21:24:07] production.ERROR: exception 'ReflectionException' with message 'Class CodeDay\Clear\Controllers\Manage\Event\SubscriptionsController does not exist' in /home/tj/Clear/vendor/laravel/framework/src/Illuminate/Routing/ControllerInspector.php:28
Stack trace:
#0 /home/tj/Clear/vendor/laravel/framework/src/Illuminate/Routing/ControllerInspector.php(28): ReflectionClass->__construct('CodeDay\Clear\C...')
#1 /home/tj/Clear/vendor/laravel/framework/src/Illuminate/Routing/Router.php(269): Illuminate\Routing\ControllerInspector->getRoutable('CodeDay\Clear\C...', '/subscriptions')
#2 /home/tj/Clear/vendor/laravel/framework/src/Illuminate/Support/Facades/Facade.php(211): Illuminate\Routing\Router->controller('/subscriptions', 'SubscriptionsCo...')
#3 /home/tj/Clear/app/routes/901-event.php(12): Illuminate\Support\Facades\Facade::__callStatic('controller', Array)
#4 /home/tj/Clear/app/routes/901-event.php(12): Illuminate\Support\Facades\Route::controller('/subscriptions', 'SubscriptionsCo...')
#5 [internal function]: {closure}(Object(Illuminate\Routing\Router))
#6 /home/tj/Clear/vendor/laravel/framework/src/Illuminate/Routing/Router.php(696): call_user_func(Object(Closure), Object(Illuminate\Routing\Router))
#7 /home/tj/Clear/vendor/laravel/framework/src/Illuminate/Support/Facades/Facade.php(211): Illuminate\Routing\Router->group(Array, Object(Closure))
#8 /home/tj/Clear/app/routes/901-event.php(38): Illuminate\Support\Facades\Facade::__callStatic('group', Array)
#9 /home/tj/Clear/app/routes/901-event.php(38): Illuminate\Support\Facades\Route::group(Array, Object(Closure))
#10 /home/tj/Clear/app/start/global.php(94): include_once('/home/tj/Clear/...')
#11 [internal function]: {closure}(Object(Illuminate\Routing\Router))
#12 /home/tj/Clear/vendor/laravel/framework/src/Illuminate/Routing/Router.php(696): call_user_func(Object(Closure), Object(Illuminate\Routing\Router))
#13 /home/tj/Clear/vendor/laravel/framework/src/Illuminate/Support/Facades/Facade.php(211): Illuminate\Routing\Router->group(Array, Object(Closure))
#14 /home/tj/Clear/app/start/global.php(96): Illuminate\Support\Facades\Facade::__callStatic('group', Array)
#15 /home/tj/Clear/app/start/global.php(96): Illuminate\Support\Facades\Route::group(Array, Object(Closure))
#16 /home/tj/Clear/vendor/laravel/framework/src/Illuminate/Foundation/start.php(239): require('/home/tj/Clear/...')
#17 [internal function]: {closure}(Object(Illuminate\Foundation\Application))
#18 /home/tj/Clear/vendor/laravel/framework/src/Illuminate/Foundation/Application.php(830): call_user_func(Object(Closure), Object(Illuminate\Foundation\Application))
#19 /home/tj/Clear/vendor/laravel/framework/src/Illuminate/Foundation/Application.php(604): Illuminate\Foundation\Application->fireAppCallbacks(Array)
#20 /home/tj/Clear/vendor/laravel/framework/src/Illuminate/Foundation/Application.php(587): Illuminate\Foundation\Application->bootApplication()
#21 /home/tj/Clear/vendor/laravel/framework/src/Illuminate/Foundation/Application.php(743): Illuminate\Foundation\Application->boot()
#22 /home/tj/Clear/vendor/laravel/framework/src/Illuminate/Session/Middleware.php(72): Illuminate\Foundation\Application->handle(Object(Illuminate\Http\Request), 1, true)
#23 /home/tj/Clear/vendor/laravel/framework/src/Illuminate/Cookie/Queue.php(47): Illuminate\Session\Middleware->handle(Object(Illuminate\Http\Request), 1, true)
#24 /home/tj/Clear/vendor/laravel/framework/src/Illuminate/Cookie/Guard.php(51): Illuminate\Cookie\Queue->handle(Object(Illuminate\Http\Request), 1, true)
#25 /home/tj/Clear/vendor/stack/builder/src/Stack/StackedHttpKernel.php(23): Illuminate\Cookie\Guard->handle(Object(Illuminate\Http\Request), 1, true)
#26 /home/tj/Clear/vendor/laravel/framework/src/Illuminate/Foundation/Application.php(641): Stack\StackedHttpKernel->handle(Object(Illuminate\Http\Request))
#27 /home/tj/Clear/public/index.php(49): Illuminate\Foundation\Application->run()
#28 /home/tj/Clear/server.php(19): require_once('/home/tj/Clear/...')
#29 {main} [] []
[2015-02-24 21:24:14] production.ERROR: exception 'ReflectionException' with message 'Class CodeDay\Clear\Controllers\Manage\Event\SubscriptionsController does not exist' in /home/tj/Clear/vendor/laravel/framework/src/Illuminate/Routing/ControllerInspector.php:28
Stack trace:
#0 /home/tj/Clear/vendor/laravel/framework/src/Illuminate/Routing/ControllerInspector.php(28): ReflectionClass->__construct('CodeDay\Clear\C...')
#1 /home/tj/Clear/vendor/laravel/framework/src/Illuminate/Routing/Router.php(269): Illuminate\Routing\ControllerInspector->getRoutable('CodeDay\Clear\C...', '/subscriptions')
#2 /home/tj/Clear/vendor/laravel/framework/src/Illuminate/Support/Facades/Facade.php(211): Illuminate\Routing\Router->controller('/subscriptions', 'SubscriptionsCo...')
#3 /home/tj/Clear/app/routes/901-event.php(12): Illuminate\Support\Facades\Facade::__callStatic('controller', Array)
#4 /home/tj/Clear/app/routes/901-event.php(12): Illuminate\Support\Facades\Route::controller('/subscriptions', 'SubscriptionsCo...')
#5 [internal function]: {closure}(Object(Illuminate\Routing\Router))
#6 /home/tj/Clear/vendor/laravel/framework/src/Illuminate/Routing/Router.php(696): call_user_func(Object(Closure), Object(Illuminate\Routing\Router))
#7 /home/tj/Clear/vendor/laravel/framework/src/Illuminate/Support/Facades/Facade.php(211): Illuminate\Routing\Router->group(Array, Object(Closure))
#8 /home/tj/Clear/app/routes/901-event.php(38): Illuminate\Support\Facades\Facade::__callStatic('group', Array)
#9 /home/tj/Clear/app/routes/901-event.php(38): Illuminate\Support\Facades\Route::group(Array, Object(Closure))
#10 /home/tj/Clear/app/start/global.php(94): include_once('/home/tj/Clear/...')
#11 [internal function]: {closure}(Object(Illuminate\Routing\Router))
#12 /home/tj/Clear/vendor/laravel/framework/src/Illuminate/Routing/Router.php(696): call_user_func(Object(Closure), Object(Illuminate\Routing\Router))
#13 /home/tj/Clear/vendor/laravel/framework/src/Illuminate/Support/Facades/Facade.php(211): Illuminate\Routing\Router->group(Array, Object(Closure))
#14 /home/tj/Clear/app/start/global.php(96): Illuminate\Support\Facades\Facade::__callStatic('group', Array)
#15 /home/tj/Clear/app/start/global.php(96): Illuminate\Support\Facades\Route::group(Array, Object(Closure))
#16 /home/tj/Clear/vendor/laravel/framework/src/Illuminate/Foundation/start.php(239): require('/home/tj/Clear/...')
#17 [internal function]: {closure}(Object(Illuminate\Foundation\Application))
#18 /home/tj/Clear/vendor/laravel/framework/src/Illuminate/Foundation/Application.php(830): call_user_func(Object(Closure), Object(Illuminate\Foundation\Application))
#19 /home/tj/Clear/vendor/laravel/framework/src/Illuminate/Foundation/Application.php(604): Illuminate\Foundation\Application->fireAppCallbacks(Array)
#20 /home/tj/Clear/vendor/laravel/framework/src/Illuminate/Foundation/Application.php(587): Illuminate\Foundation\Application->bootApplication()
#21 /home/tj/Clear/vendor/laravel/framework/src/Illuminate/Console/Application.php(44): Illuminate\Foundation\Application->boot()
#22 /home/tj/Clear/vendor/laravel/framework/src/Illuminate/Console/Application.php(33): Illuminate\Console\Application::make(Object(Illuminate\Foundation\Application))
#23 /home/tj/Clear/artisan(46): Illuminate\Console\Application::start(Object(Illuminate\Foundation\Application))
#24 {main} [] []
[2015-02-24 21:24:54] production.ERROR: exception 'ReflectionException' with message 'Class CodeDay\Clear\Controllers\Manage\Event\SubscriptionsController does not exist' in /home/tj/Clear/vendor/laravel/framework/src/Illuminate/Routing/ControllerInspector.php:28
Stack trace:
#0 /home/tj/Clear/vendor/laravel/framework/src/Illuminate/Routing/ControllerInspector.php(28): ReflectionClass->__construct('CodeDay\Clear\C...')
#1 /home/tj/Clear/vendor/laravel/framework/src/Illuminate/Routing/Router.php(269): Illuminate\Routing\ControllerInspector->getRoutable('CodeDay\Clear\C...', '/subscriptions')
#2 /home/tj/Clear/vendor/laravel/framework/src/Illuminate/Support/Facades/Facade.php(211): Illuminate\Routing\Router->controller('/subscriptions', 'SubscriptionsCo...')
#3 /home/tj/Clear/app/routes/901-event.php(12): Illuminate\Support\Facades\Facade::__callStatic('controller', Array)
#4 /home/tj/Clear/app/routes/901-event.php(12): Illuminate\Support\Facades\Route::controller('/subscriptions', 'SubscriptionsCo...')
#5 [internal function]: {closure}(Object(Illuminate\Routing\Router))
#6 /home/tj/Clear/vendor/laravel/framework/src/Illuminate/Routing/Router.php(696): call_user_func(Object(Closure), Object(Illuminate\Routing\Router))
#7 /home/tj/Clear/vendor/laravel/framework/src/Illuminate/Support/Facades/Facade.php(211): Illuminate\Routing\Router->group(Array, Object(Closure))
#8 /home/tj/Clear/app/routes/901-event.php(38): Illuminate\Support\Facades\Facade::__callStatic('group', Array)
#9 /home/tj/Clear/app/routes/901-event.php(38): Illuminate\Support\Facades\Route::group(Array, Object(Closure))
#10 /home/tj/Clear/app/start/global.php(94): include_once('/home/tj/Clear/...')
#11 [internal function]: {closure}(Object(Illuminate\Routing\Router))
#12 /home/tj/Clear/vendor/laravel/framework/src/Illuminate/Routing/Router.php(696): call_user_func(Object(Closure), Object(Illuminate\Routing\Router))
#13 /home/tj/Clear/vendor/laravel/framework/src/Illuminate/Support/Facades/Facade.php(211): Illuminate\Routing\Router->group(Array, Object(Closure))
#14 /home/tj/Clear/app/start/global.php(96): Illuminate\Support\Facades\Facade::__callStatic('group', Array)
#15 /home/tj/Clear/app/start/global.php(96): Illuminate\Support\Facades\Route::group(Array, Object(Closure))
#16 /home/tj/Clear/vendor/laravel/framework/src/Illuminate/Foundation/start.php(239): require('/home/tj/Clear/...')
#17 [internal function]: {closure}(Object(Illuminate\Foundation\Application))
#18 /home/tj/Clear/vendor/laravel/framework/src/Illuminate/Foundation/Application.php(830): call_user_func(Object(Closure), Object(Illuminate\Foundation\Application))
#19 /home/tj/Clear/vendor/laravel/framework/src/Illuminate/Foundation/Application.php(604): Illuminate\Foundation\Application->fireAppCallbacks(Array)
#20 /home/tj/Clear/vendor/laravel/framework/src/Illuminate/Foundation/Application.php(587): Illuminate\Foundation\Application->bootApplication()
#21 /home/tj/Clear/vendor/laravel/framework/src/Illuminate/Console/Application.php(44): Illuminate\Foundation\Application->boot()
#22 /home/tj/Clear/vendor/laravel/framework/src/Illuminate/Console/Application.php(33): Illuminate\Console\Application::make(Object(Illuminate\Foundation\Application))
#23 /home/tj/Clear/artisan(46): Illuminate\Console\Application::start(Object(Illuminate\Foundation\Application))
#24 {main} [] []
[2015-02-24 21:25:11] production.ERROR: exception 'ReflectionException' with message 'Class CodeDay\Clear\Controllers\Manage\Event\SubscriptionsController does not exist' in /home/tj/Clear/vendor/laravel/framework/src/Illuminate/Routing/ControllerInspector.php:28
Stack trace:
#0 /home/tj/Clear/vendor/laravel/framework/src/Illuminate/Routing/ControllerInspector.php(28): ReflectionClass->__construct('CodeDay\Clear\C...')
#1 /home/tj/Clear/vendor/laravel/framework/src/Illuminate/Routing/Router.php(269): Illuminate\Routing\ControllerInspector->getRoutable('CodeDay\Clear\C...', '/subscriptions')
#2 /home/tj/Clear/vendor/laravel/framework/src/Illuminate/Support/Facades/Facade.php(211): Illuminate\Routing\Router->controller('/subscriptions', 'SubscriptionsCo...')
#3 /home/tj/Clear/app/routes/901-event.php(12): Illuminate\Support\Facades\Facade::__callStatic('controller', Array)
#4 /home/tj/Clear/app/routes/901-event.php(12): Illuminate\Support\Facades\Route::controller('/subscriptions', 'SubscriptionsCo...')
#5 [internal function]: {closure}(Object(Illuminate\Routing\Router))
#6 /home/tj/Clear/vendor/laravel/framework/src/Illuminate/Routing/Router.php(696): call_user_func(Object(Closure), Object(Illuminate\Routing\Router))
#7 /home/tj/Clear/vendor/laravel/framework/src/Illuminate/Support/Facades/Facade.php(211): Illuminate\Routing\Router->group(Array, Object(Closure))
#8 /home/tj/Clear/app/routes/901-event.php(38): Illuminate\Support\Facades\Facade::__callStatic('group', Array)
#9 /home/tj/Clear/app/routes/901-event.php(38): Illuminate\Support\Facades\Route::group(Array, Object(Closure))
#10 /home/tj/Clear/app/start/global.php(94): include_once('/home/tj/Clear/...')
#11 [internal function]: {closure}(Object(Illuminate\Routing\Router))
#12 /home/tj/Clear/vendor/laravel/framework/src/Illuminate/Routing/Router.php(696): call_user_func(Object(Closure), Object(Illuminate\Routing\Router))
#13 /home/tj/Clear/vendor/laravel/framework/src/Illuminate/Support/Facades/Facade.php(211): Illuminate\Routing\Router->group(Array, Object(Closure))
#14 /home/tj/Clear/app/start/global.php(96): Illuminate\Support\Facades\Facade::__callStatic('group', Array)
#15 /home/tj/Clear/app/start/global.php(96): Illuminate\Support\Facades\Route::group(Array, Object(Closure))
#16 /home/tj/Clear/vendor/laravel/framework/src/Illuminate/Foundation/start.php(239): require('/home/tj/Clear/...')
#17 [internal function]: {closure}(Object(Illuminate\Foundation\Application))
#18 /home/tj/Clear/vendor/laravel/framework/src/Illuminate/Foundation/Application.php(830): call_user_func(Object(Closure), Object(Illuminate\Foundation\Application))
#19 /home/tj/Clear/vendor/laravel/framework/src/Illuminate/Foundation/Application.php(604): Illuminate\Foundation\Application->fireAppCallbacks(Array)
#20 /home/tj/Clear/vendor/laravel/framework/src/Illuminate/Foundation/Application.php(587): Illuminate\Foundation\Application->bootApplication()
#21 /home/tj/Clear/vendor/laravel/framework/src/Illuminate/Console/Application.php(44): Illuminate\Foundation\Application->boot()
#22 /home/tj/Clear/vendor/laravel/framework/src/Illuminate/Console/Application.php(33): Illuminate\Console\Application::make(Object(Illuminate\Foundation\Application))
#23 /home/tj/Clear/artisan(46): Illuminate\Console\Application::start(Object(Illuminate\Foundation\Application))
#24 {main} [] []
[2015-02-24 21:25:18] production.ERROR: exception 'ReflectionException' with message 'Class CodeDay\Clear\Controllers\Manage\Event\SubscriptionsController does not exist' in /home/tj/Clear/vendor/laravel/framework/src/Illuminate/Routing/ControllerInspector.php:28
Stack trace:
#0 /home/tj/Clear/vendor/laravel/framework/src/Illuminate/Routing/ControllerInspector.php(28): ReflectionClass->__construct('CodeDay\Clear\C...')
#1 /home/tj/Clear/vendor/laravel/framework/src/Illuminate/Routing/Router.php(269): Illuminate\Routing\ControllerInspector->getRoutable('CodeDay\Clear\C...', '/subscriptions')
#2 /home/tj/Clear/vendor/laravel/framework/src/Illuminate/Support/Facades/Facade.php(211): Illuminate\Routing\Router->controller('/subscriptions', 'SubscriptionsCo...')
#3 /home/tj/Clear/app/routes/901-event.php(12): Illuminate\Support\Facades\Facade::__callStatic('controller', Array)
#4 /home/tj/Clear/app/routes/901-event.php(12): Illuminate\Support\Facades\Route::controller('/subscriptions', 'SubscriptionsCo...')
#5 [internal function]: {closure}(Object(Illuminate\Routing\Router))
#6 /home/tj/Clear/vendor/laravel/framework/src/Illuminate/Routing/Router.php(696): call_user_func(Object(Closure), Object(Illuminate\Routing\Router))
#7 /home/tj/Clear/vendor/laravel/framework/src/Illuminate/Support/Facades/Facade.php(211): Illuminate\Routing\Router->group(Array, Object(Closure))
#8 /home/tj/Clear/app/routes/901-event.php(38): Illuminate\Support\Facades\Facade::__callStatic('group', Array)
#9 /home/tj/Clear/app/routes/901-event.php(38): Illuminate\Support\Facades\Route::group(Array, Object(Closure))
#10 /home/tj/Clear/app/start/global.php(94): include_once('/home/tj/Clear/...')
#11 [internal function]: {closure}(Object(Illuminate\Routing\Router))
#12 /home/tj/Clear/vendor/laravel/framework/src/Illuminate/Routing/Router.php(696): call_user_func(Object(Closure), Object(Illuminate\Routing\Router))
#13 /home/tj/Clear/vendor/laravel/framework/src/Illuminate/Support/Facades/Facade.php(211): Illuminate\Routing\Router->group(Array, Object(Closure))
#14 /home/tj/Clear/app/start/global.php(96): Illuminate\Support\Facades\Facade::__callStatic('group', Array)
#15 /home/tj/Clear/app/start/global.php(96): Illuminate\Support\Facades\Route::group(Array, Object(Closure))
#16 /home/tj/Clear/vendor/laravel/framework/src/Illuminate/Foundation/start.php(239): require('/home/tj/Clear/...')
#17 [internal function]: {closure}(Object(Illuminate\Foundation\Application))
#18 /home/tj/Clear/vendor/laravel/framework/src/Illuminate/Foundation/Application.php(830): call_user_func(Object(Closure), Object(Illuminate\Foundation\Application))
#19 /home/tj/Clear/vendor/laravel/framework/src/Illuminate/Foundation/Application.php(604): Illuminate\Foundation\Application->fireAppCallbacks(Array)
#20 /home/tj/Clear/vendor/laravel/framework/src/Illuminate/Foundation/Application.php(587): Illuminate\Foundation\Application->bootApplication()
#21 /home/tj/Clear/vendor/laravel/framework/src/Illuminate/Console/Application.php(44): Illuminate\Foundation\Application->boot()
#22 /home/tj/Clear/vendor/laravel/framework/src/Illuminate/Console/Application.php(33): Illuminate\Console\Application::make(Object(Illuminate\Foundation\Application))
#23 /home/tj/Clear/artisan(46): Illuminate\Console\Application::start(Object(Illuminate\Foundation\Application))
#24 {main} [] []
